<?xml version="1.0" encoding="UTF-8"?><testsuite errors="0" failures="0" name="Validar el funcionamiento del modulo radicacion de honorarios" skipped="0" tests="4" time="117.67" timestamp="2022-04-04 02:04:10"><testcase name="Comprobar que al radicar los honorarios con un medico obligado no lo permita el modulo y genere el mensaje de excepcion"/><testcase name="Comprobar que al radicar un honorario radicado previamnete no lo permita y genere el mensaje de excepcion"/><testcase name="Comprobar que al radicar un honorario que no esta disponible en el periodo no lo permita y genere el mensaje de excepcion"/><testcase name="Comprobar que al radicar los honorarios con un medico no obligado lo permita y quede radicado"/></testsuite>